\BOOKMARK [0][-]{chapter.1}{Introducci\363n}{}% 1
\BOOKMARK [1][-]{section.1.1}{Presentaci\363n}{chapter.1}% 2
\BOOKMARK [0][-]{chapter.2}{Contexto}{}% 3
\BOOKMARK [1][-]{section.2.1}{Proyecto}{chapter.2}% 4
\BOOKMARK [1][-]{section.2.2}{Ciclo de vida de un proyecto }{chapter.2}% 5
\BOOKMARK [1][-]{section.2.3}{Informaci\363n del proyecto}{chapter.2}% 6
\BOOKMARK [1][-]{section.2.4}{Proceso de un proyecto}{chapter.2}% 7
\BOOKMARK [1][-]{section.2.5}{Administraci\363n de proyectos}{chapter.2}% 8
\BOOKMARK [1][-]{section.2.6}{Direcci\363n de proyectos}{chapter.2}% 9
\BOOKMARK [1][-]{section.2.7}{L\355der de proyecto}{chapter.2}% 10
\BOOKMARK [1][-]{section.2.8}{Toma de decisiones}{chapter.2}% 11
\BOOKMARK [2][-]{subsection.2.8.1}{Planeaci\363n}{section.2.8}% 12
\BOOKMARK [2][-]{subsection.2.8.2}{Organizaci\363n}{section.2.8}% 13
\BOOKMARK [2][-]{subsection.2.8.3}{Direcci\363n}{section.2.8}% 14
\BOOKMARK [2][-]{subsection.2.8.4}{Control}{section.2.8}% 15
\BOOKMARK [1][-]{section.2.9}{Caracter\355sticas de la decisi\363n}{chapter.2}% 16
\BOOKMARK [1][-]{section.2.10}{T\351cnicas normalmente utilizadas en la toma de decisiones.}{chapter.2}% 17
\BOOKMARK [2][-]{subsection.2.10.1}{Miner\355a de datos}{section.2.10}% 18
\BOOKMARK [2][-]{subsection.2.10.2}{Reconocimiento de patrones en la toma de decisiones }{section.2.10}% 19
\BOOKMARK [1][-]{section.2.11}{Problemas identificados }{chapter.2}% 20
\BOOKMARK [1][-]{section.2.12}{Planteamiento del problema }{chapter.2}% 21
\BOOKMARK [1][-]{section.2.13}{Estado del arte}{chapter.2}% 22
\BOOKMARK [2][-]{subsection.2.13.1}{Collabtive}{section.2.13}% 23
\BOOKMARK [2][-]{subsection.2.13.2}{ClockingIT}{section.2.13}% 24
\BOOKMARK [2][-]{subsection.2.13.3}{Twproyect}{section.2.13}% 25
\BOOKMARK [2][-]{subsection.2.13.4}{Zoho Projects }{section.2.13}% 26
\BOOKMARK [2][-]{subsection.2.13.5}{Sistema Administrador de Proyectos de Software a Distancia }{section.2.13}% 27
\BOOKMARK [1][-]{section.2.14}{Tabla comparativa}{chapter.2}% 28
\BOOKMARK [0][-]{chapter.3}{Dise\361o de acuerdo a la metodolog\355a elegida}{}% 29
\BOOKMARK [1][-]{section.3.1}{Metodolog\355a de desarrollo}{chapter.3}% 30
\BOOKMARK [1][-]{section.3.2}{Metodolog\355a de desarrollo}{chapter.3}% 31
\BOOKMARK [1][-]{section.3.3}{Objetivos Generales }{chapter.3}% 32
\BOOKMARK [1][-]{section.3.4}{Objetivos Espec\355ficos}{chapter.3}% 33
\BOOKMARK [1][-]{section.3.5}{Requisitos Funcionales}{chapter.3}% 34
\BOOKMARK [1][-]{section.3.6}{Requisitos No Funcionales }{chapter.3}% 35
\BOOKMARK [2][-]{subsection.3.6.1}{Usuario}{section.3.6}% 36
\BOOKMARK [2][-]{subsection.3.6.2}{L\355der de proyecto }{section.3.6}% 37
\BOOKMARK [2][-]{subsection.3.6.3}{Colaborador }{section.3.6}% 38
\BOOKMARK [1][-]{section.3.7}{Herramientas de Desarrollo }{chapter.3}% 39
\BOOKMARK [2][-]{subsection.3.7.1}{IDE}{section.3.7}% 40
\BOOKMARK [2][-]{subsection.3.7.2}{Sistema Gestor de Base de Datos}{section.3.7}% 41
\BOOKMARK [2][-]{subsection.3.7.3}{Repositorio}{section.3.7}% 42
\BOOKMARK [2][-]{subsection.3.7.4}{Framework}{section.3.7}% 43
\BOOKMARK [2][-]{subsection.3.7.5}{Gr\341ficas usando Chart.js }{section.3.7}% 44
\BOOKMARK [2][-]{subsection.3.7.6}{Caracter\355sticas de Chart.js }{section.3.7}% 45
\BOOKMARK [2][-]{subsection.3.7.7}{Paper JS }{section.3.7}% 46
\BOOKMARK [1][-]{section.3.8}{Especificaci\363n de plataforma}{chapter.3}% 47
\BOOKMARK [0][-]{chapter.4}{Modelo de negocio}{}% 48
\BOOKMARK [1][-]{section.4.1}{Modelo de Informaci\363n: Proceso de gesti\363n de proyectos}{chapter.4}% 49
\BOOKMARK [2][-]{subsection.4.1.1}{Descripci\363n General}{section.4.1}% 50
\BOOKMARK [2][-]{subsection.4.1.2}{Proyecto}{section.4.1}% 51
\BOOKMARK [2][-]{subsection.4.1.3}{Repositorio Git}{section.4.1}% 52
\BOOKMARK [2][-]{subsection.4.1.4}{Participante}{section.4.1}% 53
\BOOKMARK [1][-]{section.4.2}{Modelo de Informaci\363n: Proceso de gesti\363n de tareas}{chapter.4}% 54
\BOOKMARK [2][-]{subsection.4.2.1}{Descripci\363n General}{section.4.2}% 55
\BOOKMARK [2][-]{subsection.4.2.2}{Tarea}{section.4.2}% 56
\BOOKMARK [2][-]{subsection.4.2.3}{Asignacion de tarea}{section.4.2}% 57
\BOOKMARK [2][-]{subsection.4.2.4}{Estado Tarea}{section.4.2}% 58
\BOOKMARK [1][-]{section.4.3}{Modelo de Informaci\363n: Proceso de invitaci\363n de colaboradores}{chapter.4}% 59
\BOOKMARK [1][-]{section.4.4}{Modelo de Informaci\363n: Proceso de reporte de avances}{chapter.4}% 60
\BOOKMARK [0][-]{chapter.5}{Modelo de comportamiento del subsistema: Control de acceso}{}% 61
\BOOKMARK [1][-]{section.5.1}{CU01 Registro de usuario}{chapter.5}% 62
\BOOKMARK [2][-]{subsection.5.1.1}{Descripci\363n completa}{section.5.1}% 63
\BOOKMARK [2][-]{subsection.5.1.2}{Atributos importantes}{section.5.1}% 64
\BOOKMARK [2][-]{subsection.5.1.3}{Trayectorias del Caso de Uso}{section.5.1}% 65
\BOOKMARK [1][-]{section.5.2}{CU02 Login}{chapter.5}% 66
\BOOKMARK [2][-]{subsection.5.2.1}{Descripci\363n completa}{section.5.2}% 67
\BOOKMARK [2][-]{subsection.5.2.2}{Atributos importantes}{section.5.2}% 68
\BOOKMARK [2][-]{subsection.5.2.3}{Trayectorias del Caso de Uso}{section.5.2}% 69
\BOOKMARK [1][-]{section.5.3}{CU08 Recuperar Contrase\361a}{chapter.5}% 70
\BOOKMARK [2][-]{subsection.5.3.1}{Descripci\363n completa}{section.5.3}% 71
\BOOKMARK [2][-]{subsection.5.3.2}{Atributos importantes}{section.5.3}% 72
\BOOKMARK [2][-]{subsection.5.3.3}{Trayectorias del Caso de Uso}{section.5.3}% 73
\BOOKMARK [1][-]{section.5.4}{CU15 Cambiar Contrase\361a}{chapter.5}% 74
\BOOKMARK [2][-]{subsection.5.4.1}{Descripci\363n completa}{section.5.4}% 75
\BOOKMARK [2][-]{subsection.5.4.2}{Atributos importantes}{section.5.4}% 76
\BOOKMARK [2][-]{subsection.5.4.3}{Trayectorias del Caso de Uso}{section.5.4}% 77
\BOOKMARK [0][-]{chapter.6}{Modelo de comportamiento del subsistema: Gesti\363n de proyectos}{}% 78
\BOOKMARK [1][-]{section.6.1}{CU03 Crear Proyecto}{chapter.6}% 79
\BOOKMARK [2][-]{subsection.6.1.1}{Descripci\363n completa}{section.6.1}% 80
\BOOKMARK [2][-]{subsection.6.1.2}{Atributos importantes}{section.6.1}% 81
\BOOKMARK [2][-]{subsection.6.1.3}{Trayectorias del Caso de Uso}{section.6.1}% 82
\BOOKMARK [1][-]{section.6.2}{CU16 Editar Proyecto}{chapter.6}% 83
\BOOKMARK [2][-]{subsection.6.2.1}{Descripci\363n completa}{section.6.2}% 84
\BOOKMARK [2][-]{subsection.6.2.2}{Atributos importantes}{section.6.2}% 85
\BOOKMARK [2][-]{subsection.6.2.3}{Trayectorias del Caso de Uso}{section.6.2}% 86
\BOOKMARK [1][-]{section.6.3}{CU17 Informaci\363n del proyecto}{chapter.6}% 87
\BOOKMARK [2][-]{subsection.6.3.1}{Descripci\363n completa}{section.6.3}% 88
\BOOKMARK [2][-]{subsection.6.3.2}{Atributos importantes}{section.6.3}% 89
\BOOKMARK [2][-]{subsection.6.3.3}{Trayectorias del Caso de Uso}{section.6.3}% 90
\BOOKMARK [1][-]{section.6.4}{CU18 Eliminar proyecto}{chapter.6}% 91
\BOOKMARK [2][-]{subsection.6.4.1}{Descripci\363n completa}{section.6.4}% 92
\BOOKMARK [2][-]{subsection.6.4.2}{Atributos importantes}{section.6.4}% 93
\BOOKMARK [2][-]{subsection.6.4.3}{Trayectorias del Caso de Uso}{section.6.4}% 94
\BOOKMARK [1][-]{section.6.5}{CU19 Registrar repositorio proyecto}{chapter.6}% 95
\BOOKMARK [2][-]{subsection.6.5.1}{Descripci\363n completa}{section.6.5}% 96
\BOOKMARK [2][-]{subsection.6.5.2}{Atributos importantes}{section.6.5}% 97
\BOOKMARK [2][-]{subsection.6.5.3}{Trayectorias del Caso de Uso}{section.6.5}% 98
\BOOKMARK [1][-]{section.6.6}{CU09 Ver Proyectos }{chapter.6}% 99
\BOOKMARK [2][-]{subsection.6.6.1}{Descripci\363n completa}{section.6.6}% 100
\BOOKMARK [2][-]{subsection.6.6.2}{Atributos importantes}{section.6.6}% 101
\BOOKMARK [2][-]{subsection.6.6.3}{Trayectorias del Caso de Uso}{section.6.6}% 102
\BOOKMARK [0][-]{chapter.7}{Modelo de comportamiento del subsistema: Gesti\363n de tareas}{}% 103
\BOOKMARK [1][-]{section.7.1}{CU20 Configuraci\363n de tareas}{chapter.7}% 104
\BOOKMARK [2][-]{subsection.7.1.1}{Descripci\363n completa}{section.7.1}% 105
\BOOKMARK [2][-]{subsection.7.1.2}{Atributos importantes}{section.7.1}% 106
\BOOKMARK [2][-]{subsection.7.1.3}{Trayectorias del Caso de Uso}{section.7.1}% 107
\BOOKMARK [2][-]{subsection.7.1.4}{Puntos de extensi\363n del caso de uso}{section.7.1}% 108
\BOOKMARK [1][-]{section.7.2}{CU21 Relacionar Tareas}{chapter.7}% 109
\BOOKMARK [2][-]{subsection.7.2.1}{Descripci\363n completa}{section.7.2}% 110
\BOOKMARK [2][-]{subsection.7.2.2}{Atributos importantes}{section.7.2}% 111
\BOOKMARK [2][-]{subsection.7.2.3}{Trayectorias del Caso de Uso}{section.7.2}% 112
\BOOKMARK [2][-]{subsection.7.2.4}{Puntos de extensi\363n del caso de uso}{section.7.2}% 113
\BOOKMARK [1][-]{section.7.3}{CU22 Editar tareas}{chapter.7}% 114
\BOOKMARK [2][-]{subsection.7.3.1}{Descripci\363n completa}{section.7.3}% 115
\BOOKMARK [2][-]{subsection.7.3.2}{Atributos importantes}{section.7.3}% 116
\BOOKMARK [2][-]{subsection.7.3.3}{Trayectorias del Caso de Uso}{section.7.3}% 117
\BOOKMARK [2][-]{subsection.7.3.4}{Puntos de extensi\363n del caso de uso}{section.7.3}% 118
\BOOKMARK [1][-]{section.7.4}{CU23 Visualizar datos de la tarea}{chapter.7}% 119
\BOOKMARK [2][-]{subsection.7.4.1}{Descripci\363n completa}{section.7.4}% 120
\BOOKMARK [2][-]{subsection.7.4.2}{Atributos importantes}{section.7.4}% 121
\BOOKMARK [2][-]{subsection.7.4.3}{Trayectorias del Caso de Uso}{section.7.4}% 122
\BOOKMARK [1][-]{section.7.5}{CU24 Eliminar tarea}{chapter.7}% 123
\BOOKMARK [2][-]{subsection.7.5.1}{Descripci\363n completa}{section.7.5}% 124
\BOOKMARK [2][-]{subsection.7.5.2}{Atributos importantes}{section.7.5}% 125
\BOOKMARK [2][-]{subsection.7.5.3}{Trayectorias del Caso de Uso}{section.7.5}% 126
\BOOKMARK [1][-]{section.7.6}{CU25 Registrar relacion de tarea}{chapter.7}% 127
\BOOKMARK [2][-]{subsection.7.6.1}{Descripci\363n completa}{section.7.6}% 128
\BOOKMARK [2][-]{subsection.7.6.2}{Atributos importantes}{section.7.6}% 129
\BOOKMARK [2][-]{subsection.7.6.3}{Trayectorias del Caso de Uso}{section.7.6}% 130
\BOOKMARK [1][-]{section.7.7}{CU26 Remover relaci\363n de tarea}{chapter.7}% 131
\BOOKMARK [2][-]{subsection.7.7.1}{Descripci\363n completa}{section.7.7}% 132
\BOOKMARK [2][-]{subsection.7.7.2}{Atributos importantes}{section.7.7}% 133
\BOOKMARK [2][-]{subsection.7.7.3}{Trayectorias del Caso de Uso}{section.7.7}% 134
\BOOKMARK [1][-]{section.7.8}{CU27 Ver diagrama de gantt}{chapter.7}% 135
\BOOKMARK [2][-]{subsection.7.8.1}{Descripci\363n completa}{section.7.8}% 136
\BOOKMARK [2][-]{subsection.7.8.2}{Atributos importantes}{section.7.8}% 137
\BOOKMARK [2][-]{subsection.7.8.3}{Trayectorias del Caso de Uso}{section.7.8}% 138
\BOOKMARK [1][-]{section.7.9}{CU28 Ver estadisticas de avances de las tareas}{chapter.7}% 139
\BOOKMARK [2][-]{subsection.7.9.1}{Descripci\363n completa}{section.7.9}% 140
\BOOKMARK [2][-]{subsection.7.9.2}{Atributos importantes}{section.7.9}% 141
\BOOKMARK [2][-]{subsection.7.9.3}{Trayectorias del Caso de Uso}{section.7.9}% 142
\BOOKMARK [1][-]{section.7.10}{CU29 Mis tareas}{chapter.7}% 143
\BOOKMARK [2][-]{subsection.7.10.1}{Descripci\363n completa}{section.7.10}% 144
\BOOKMARK [2][-]{subsection.7.10.2}{Atributos importantes}{section.7.10}% 145
\BOOKMARK [2][-]{subsection.7.10.3}{Trayectorias del Caso de Uso}{section.7.10}% 146
\BOOKMARK [2][-]{subsection.7.10.4}{Puntos de extensi\363n del caso de uso}{section.7.10}% 147
\BOOKMARK [1][-]{section.7.11}{CU30 Avances de tareas}{chapter.7}% 148
\BOOKMARK [2][-]{subsection.7.11.1}{Descripci\363n completa}{section.7.11}% 149
\BOOKMARK [2][-]{subsection.7.11.2}{Atributos importantes}{section.7.11}% 150
\BOOKMARK [2][-]{subsection.7.11.3}{Trayectorias del Caso de Uso}{section.7.11}% 151
\BOOKMARK [2][-]{subsection.7.11.4}{Puntos de extensi\363n del caso de uso}{section.7.11}% 152
\BOOKMARK [1][-]{section.7.12}{CU31 Ver avances commit}{chapter.7}% 153
\BOOKMARK [2][-]{subsection.7.12.1}{Descripci\363n completa}{section.7.12}% 154
\BOOKMARK [2][-]{subsection.7.12.2}{Atributos importantes}{section.7.12}% 155
\BOOKMARK [2][-]{subsection.7.12.3}{Trayectorias del Caso de Uso}{section.7.12}% 156
\BOOKMARK [1][-]{section.7.13}{CU04 Crear tarea}{chapter.7}% 157
\BOOKMARK [2][-]{subsection.7.13.1}{Descripci\363n completa}{section.7.13}% 158
\BOOKMARK [2][-]{subsection.7.13.2}{Atributos importantes}{section.7.13}% 159
\BOOKMARK [2][-]{subsection.7.13.3}{Trayectorias del Caso de Uso}{section.7.13}% 160
\BOOKMARK [1][-]{section.7.14}{CU07 Asignar tarea}{chapter.7}% 161
\BOOKMARK [2][-]{subsection.7.14.1}{Descripci\363n completa}{section.7.14}% 162
\BOOKMARK [2][-]{subsection.7.14.2}{Atributos importantes}{section.7.14}% 163
\BOOKMARK [2][-]{subsection.7.14.3}{Trayectorias del Caso de Uso}{section.7.14}% 164
\BOOKMARK [1][-]{section.7.15}{CU10 Iniciar tarea}{chapter.7}% 165
\BOOKMARK [2][-]{subsection.7.15.1}{Descripci\363n completa}{section.7.15}% 166
\BOOKMARK [2][-]{subsection.7.15.2}{Atributos importantes}{section.7.15}% 167
\BOOKMARK [2][-]{subsection.7.15.3}{Trayectorias del Caso de Uso}{section.7.15}% 168
\BOOKMARK [1][-]{section.7.16}{CU11 Pausar tarea}{chapter.7}% 169
\BOOKMARK [2][-]{subsection.7.16.1}{Descripci\363n completa}{section.7.16}% 170
\BOOKMARK [2][-]{subsection.7.16.2}{Atributos importantes}{section.7.16}% 171
\BOOKMARK [2][-]{subsection.7.16.3}{Trayectorias del Caso de Uso}{section.7.16}% 172
\BOOKMARK [1][-]{section.7.17}{CU14 Ver tareas}{chapter.7}% 173
\BOOKMARK [2][-]{subsection.7.17.1}{Descripci\363n completa}{section.7.17}% 174
\BOOKMARK [2][-]{subsection.7.17.2}{Atributos importantes}{section.7.17}% 175
\BOOKMARK [2][-]{subsection.7.17.3}{Trayectorias del Caso de Uso}{section.7.17}% 176
\BOOKMARK [0][-]{chapter.8}{Modelo de comportamiento del subsistema: Invitaci\363n de colaboradores}{}% 177
\BOOKMARK [1][-]{section.8.1}{CU05 Invitar un colaborador}{chapter.8}% 178
\BOOKMARK [2][-]{subsection.8.1.1}{Descripci\363n completa}{section.8.1}% 179
\BOOKMARK [2][-]{subsection.8.1.2}{Atributos importantes}{section.8.1}% 180
\BOOKMARK [2][-]{subsection.8.1.3}{Trayectorias del Caso de Uso}{section.8.1}% 181
\BOOKMARK [1][-]{section.8.2}{CU06 Responder una invitaci\363n}{chapter.8}% 182
\BOOKMARK [2][-]{subsection.8.2.1}{Descripci\363n completa}{section.8.2}% 183
\BOOKMARK [2][-]{subsection.8.2.2}{Atributos importantes}{section.8.2}% 184
\BOOKMARK [2][-]{subsection.8.2.3}{Trayectorias del Caso de Uso}{section.8.2}% 185
\BOOKMARK [1][-]{section.8.3}{CU12 Terminar tarea}{chapter.8}% 186
\BOOKMARK [2][-]{subsection.8.3.1}{Descripci\363n completa}{section.8.3}% 187
\BOOKMARK [2][-]{subsection.8.3.2}{Atributos importantes}{section.8.3}% 188
\BOOKMARK [2][-]{subsection.8.3.3}{Trayectorias del Caso de Uso}{section.8.3}% 189
\BOOKMARK [1][-]{section.8.4}{CU13 Ver mis invitaciones}{chapter.8}% 190
\BOOKMARK [2][-]{subsection.8.4.1}{Descripci\363n completa}{section.8.4}% 191
\BOOKMARK [2][-]{subsection.8.4.2}{Atributos importantes}{section.8.4}% 192
\BOOKMARK [2][-]{subsection.8.4.3}{Trayectorias del Caso de Uso}{section.8.4}% 193
\BOOKMARK [0][-]{chapter.9}{Modelo de interacci\363n con el usuario}{}% 194
\BOOKMARK [1][-]{section.9.1}{Interfaces del subsistema: Control acceso}{chapter.9}% 195
\BOOKMARK [2][-]{subsection.9.1.1}{CU01 Resgistro de usuario}{section.9.1}% 196
\BOOKMARK [2][-]{subsection.9.1.2}{CU02 Login}{section.9.1}% 197
\BOOKMARK [2][-]{subsection.9.1.3}{CU08 Recuperar contrase\361a}{section.9.1}% 198
\BOOKMARK [2][-]{subsection.9.1.4}{CU15 Cambiar Contrase\361a}{section.9.1}% 199
\BOOKMARK [1][-]{section.9.2}{Interfaces del subsistema: Gesti\363n de proyectos}{chapter.9}% 200
\BOOKMARK [2][-]{subsection.9.2.1}{CU03 Crear Proyecto}{section.9.2}% 201
\BOOKMARK [2][-]{subsection.9.2.2}{CU16 Editar Proyecto}{section.9.2}% 202
\BOOKMARK [2][-]{subsection.9.2.3}{CU17 Informaci\363n del proyecto}{section.9.2}% 203
\BOOKMARK [2][-]{subsection.9.2.4}{CU19 Registrar repositorio proyecto}{section.9.2}% 204
\BOOKMARK [1][-]{section.9.3}{Interfaces del subsistema: Gesti\363n de tareas}{chapter.9}% 205
\BOOKMARK [2][-]{subsection.9.3.1}{CU20 Configuraci\363n de tareas}{section.9.3}% 206
\BOOKMARK [2][-]{subsection.9.3.2}{CU21 Relacionar tareas}{section.9.3}% 207
\BOOKMARK [2][-]{subsection.9.3.3}{CU22 Editar tarea}{section.9.3}% 208
\BOOKMARK [2][-]{subsection.9.3.4}{CU22 Visualizar datos de la tarea}{section.9.3}% 209
\BOOKMARK [2][-]{subsection.9.3.5}{CU27 Ver diagrama de gantt}{section.9.3}% 210
\BOOKMARK [2][-]{subsection.9.3.6}{CU28 Ver estadisticas de avances de las tareas}{section.9.3}% 211
\BOOKMARK [2][-]{subsection.9.3.7}{CU29 Mis tareas}{section.9.3}% 212
\BOOKMARK [2][-]{subsection.9.3.8}{CU31 Ver avances commit}{section.9.3}% 213
\BOOKMARK [0][-]{chapter.10}{Avances Realizados}{}% 214
\BOOKMARK [1][-]{section.10.1}{Iteraci\363n 1}{chapter.10}% 215
\BOOKMARK [2][-]{subsection.10.1.1}{Arquitectura}{section.10.1}% 216
\BOOKMARK [2][-]{subsection.10.1.2}{B\372squeda del framework para el desarrollo del proyecto}{section.10.1}% 217
\BOOKMARK [2][-]{subsection.10.1.3}{Dise\361o de la base de datos}{section.10.1}% 218
\BOOKMARK [1][-]{section.10.2}{Iteraci\363n 2}{chapter.10}% 219
\BOOKMARK [2][-]{subsection.10.2.1}{Realizaci\363n de mockups }{section.10.2}% 220
\BOOKMARK [2][-]{subsection.10.2.2}{Ambiente de Desarrollo }{section.10.2}% 221
\BOOKMARK [1][-]{section.10.3}{Iteraci\363n 3}{chapter.10}% 222
\BOOKMARK [2][-]{subsection.10.3.1}{Programaci\363n de la GUI del sistema }{section.10.3}% 223
\BOOKMARK [2][-]{subsection.10.3.2}{Pruebas de la navegaci\363n de GUI de sistema}{section.10.3}% 224
\BOOKMARK [1][-]{section.10.4}{Iteraci\363n 4}{chapter.10}% 225
\BOOKMARK [2][-]{subsection.10.4.1}{An\341lisis y programaci\363n del M\363dulo de control de acceso}{section.10.4}% 226
\BOOKMARK [1][-]{section.10.5}{Iteraci\363n 5}{chapter.10}% 227
\BOOKMARK [2][-]{subsection.10.5.1}{An\341lisis y programaci\363n del M\363dulo de registro de proyectos.}{section.10.5}% 228
\BOOKMARK [1][-]{section.10.6}{Iteraci\363n 6}{chapter.10}% 229
\BOOKMARK [2][-]{subsection.10.6.1}{An\341lisis y programaci\363n del m\363dulo de gesti\363n de tareas.}{section.10.6}% 230
\BOOKMARK [1][-]{section.10.7}{Iteraci\363n 7}{chapter.10}% 231
\BOOKMARK [2][-]{subsection.10.7.1}{Continuaci\363n Desarrollo m\363dulo de gesti\363n tareas.}{section.10.7}% 232
\BOOKMARK [1][-]{section.10.8}{Iteraci\363n 8}{chapter.10}% 233
\BOOKMARK [2][-]{subsection.10.8.1}{An\341lisis y Desarrollo del m\363dulo de Invitaci\363n y asignaci\363n de colaboradores.}{section.10.8}% 234
\BOOKMARK [1][-]{section.10.9}{Iteraci\363n 9}{chapter.10}% 235
\BOOKMARK [2][-]{subsection.10.9.1}{An\341lisis y Desarrollo del modul\363 de reporte de avances.}{section.10.9}% 236
\BOOKMARK [0][-]{chapter.11}{Conclusiones}{}% 237
\BOOKMARK [1][-]{section.11.1}{Problemas obtenidos }{chapter.11}% 238
\BOOKMARK [1][-]{section.11.2}{Conclusiones }{chapter.11}% 239
\BOOKMARK [1][-]{section.11.3}{Trabajo a futuro }{chapter.11}% 240
\BOOKMARK [0][-]{chapter.12}{Referencias}{}% 241
